<?xml version="1.0" encoding="UTF-8"?>
<!-- Generated by org.testng.reporters.JUnitReportReporter -->
<testsuite hostname="Rakeshs-MacBook-Air.local" failures="0" tests="1" name="PageObjectModel.LoginTest" time="0.842" errors="0" timestamp="2024-08-25T00:56:28 IST" skipped="0">
  <testcase classname="PageObjectModel.LoginTest" name="TestLogin" time="0.842"/>
</testsuite> <!-- PageObjectModel.LoginTest -->
