<?xml version="1.0" encoding="UTF-8"?>
<!-- Generated by org.testng.reporters.JUnitReportReporter -->
<testsuite hostname="Rakeshs-MacBook-Air.local" failures="0" tests="1" name="InternshipDEALSDRAY.C1" time="36.977" errors="0" timestamp="2024-08-10T20:53:41 IST" skipped="0">
  <testcase classname="InternshipDEALSDRAY.C1" name="takeScreenshotsAtDifferentResolutions" time="36.977"/>
</testsuite> <!-- InternshipDEALSDRAY.C1 -->
