<?xml version="1.0" encoding="UTF-8"?>
<!-- Generated by org.testng.reporters.JUnitReportReporter -->
<testsuite hostname="Rakeshs-MacBook-Air.local" failures="0" tests="1" name="ProjectMini.Test_Automation" time="0.026" errors="0" timestamp="2024-08-19T00:59:31 IST" skipped="0">
  <testcase classname="ProjectMini.Test_Automation" name="Home_page" time="0.026"/>
</testsuite> <!-- ProjectMini.Test_Automation -->
