<?xml version="1.0" encoding="UTF-8"?>
<!-- Generated by org.testng.reporters.JUnitReportReporter -->
<testsuite hostname="Rakeshs-MacBook-Air.local" failures="0" tests="2" name="TestNGFrameWork.AnnotaionsDemo01" time="0.008" errors="0" timestamp="2024-08-06T01:33:55 IST" skipped="0">
  <testcase classname="TestNGFrameWork.AnnotaionsDemo01" name="Search" time="0.004"/>
  <testcase classname="TestNGFrameWork.AnnotaionsDemo01" name="AdvSearch" time="0.004"/>
</testsuite> <!-- TestNGFrameWork.AnnotaionsDemo01 -->
