<?xml version="1.0" encoding="UTF-8"?>
<!-- Generated by org.testng.reporters.JUnitReportReporter -->
<testsuite hostname="Rakeshs-MacBook-Air.local" failures="0" tests="19" name="IntershipDEALSDRAY.ResolutionTest" time="2.656" errors="1" timestamp="2024-08-10T15:15:03 IST" skipped="18">
  <testcase classname="IntershipDEALSDRAY.ResolutionTest" name="testResolution" time="0.000">
    <skipped/>
  </testcase> <!-- testResolution -->
  <testcase classname="IntershipDEALSDRAY.ResolutionTest" name="testResolution" time="0.000">
    <skipped/>
  </testcase> <!-- testResolution -->
  <testcase classname="IntershipDEALSDRAY.ResolutionTest" name="testResolution" time="0.000">
    <skipped/>
  </testcase> <!-- testResolution -->
  <testcase classname="IntershipDEALSDRAY.ResolutionTest" name="testResolution" time="0.000">
    <skipped/>
  </testcase> <!-- testResolution -->
  <testcase classname="IntershipDEALSDRAY.ResolutionTest" name="testResolution" time="0.000">
    <skipped/>
  </testcase> <!-- testResolution -->
  <testcase classname="IntershipDEALSDRAY.ResolutionTest" name="testResolution" time="0.000">
    <skipped/>
  </testcase> <!-- testResolution -->
  <testcase classname="IntershipDEALSDRAY.ResolutionTest" name="setUp" time="2.656">
    <error message="&#039;byte[] org.apache.commons.io.IOUtils.byteArray()&#039;" type="java.lang.NoSuchMethodError">
      <![CDATA[java.lang.NoSuchMethodError: 'byte[] org.apache.commons.io.IOUtils.byteArray()'
at org.apache.commons.compress.utils.IOUtils.skip(IOUtils.java:282)
at org.apache.commons.compress.archivers.tar.TarArchiveInputStream.getNextTarEntry(TarArchiveInputStream.java:409)
at org.apache.commons.compress.archivers.tar.TarArchiveInputStream.getNextEntry(TarArchiveInputStream.java:389)
at io.github.bonigarcia.wdm.online.Downloader.unTarGz(Downloader.java:280)
at io.github.bonigarcia.wdm.online.Downloader.extract(Downloader.java:192)
at io.github.bonigarcia.wdm.online.Downloader.downloadAndExtract(Downloader.java:139)
at io.github.bonigarcia.wdm.online.Downloader.download(Downloader.java:91)
at io.github.bonigarcia.wdm.WebDriverManager.download(WebDriverManager.java:1273)
at io.github.bonigarcia.wdm.WebDriverManager.manage(WebDriverManager.java:1184)
at io.github.bonigarcia.wdm.WebDriverManager.setup(WebDriverManager.java:427)
at IntershipDEALSDRAY.ResolutionTest.setUp(ResolutionTest.java:31)
at java.base/jdk.internal.reflect.DirectMethodHandleAccessor.invoke(DirectMethodHandleAccessor.java:103)
at java.base/java.lang.reflect.Method.invoke(Method.java:580)
at org.testng.internal.invokers.MethodInvocationHelper.invokeMethod(MethodInvocationHelper.java:139)
at org.testng.internal.invokers.MethodInvocationHelper.invokeMethodConsideringTimeout(MethodInvocationHelper.java:69)
at org.testng.internal.invokers.ConfigInvoker.invokeConfigurationMethod(ConfigInvoker.java:393)
at org.testng.internal.invokers.ConfigInvoker.invokeConfigurations(ConfigInvoker.java:326)
at org.testng.TestRunner.invokeTestConfigurations(TestRunner.java:661)
at org.testng.TestRunner.beforeRun(TestRunner.java:650)
at org.testng.TestRunner.run(TestRunner.java:612)
at org.testng.SuiteRunner.runTest(SuiteRunner.java:443)
at org.testng.SuiteRunner.runSequentially(SuiteRunner.java:437)
at org.testng.SuiteRunner.privateRun(SuiteRunner.java:397)
at org.testng.SuiteRunner.run(SuiteRunner.java:336)
at org.testng.SuiteRunnerWorker.runSuite(SuiteRunnerWorker.java:52)
at org.testng.SuiteRunnerWorker.run(SuiteRunnerWorker.java:95)
at org.testng.TestNG.runSuitesSequentially(TestNG.java:1301)
at org.testng.TestNG.runSuitesLocally(TestNG.java:1228)
at org.testng.TestNG.runSuites(TestNG.java:1134)
at org.testng.TestNG.run(TestNG.java:1101)
at org.testng.remote.AbstractRemoteTestNG.run(AbstractRemoteTestNG.java:115)
at org.testng.remote.RemoteTestNG.initAndRun(RemoteTestNG.java:293)
at org.testng.remote.RemoteTestNG.main(RemoteTestNG.java:91)
]]>
    </error>
  </testcase> <!-- setUp -->
  <testcase classname="IntershipDEALSDRAY.ResolutionTest" name="testResolution" time="0.000">
    <skipped/>
  </testcase> <!-- testResolution -->
  <testcase classname="IntershipDEALSDRAY.ResolutionTest" name="testResolution" time="0.000">
    <skipped/>
  </testcase> <!-- testResolution -->
  <testcase classname="IntershipDEALSDRAY.ResolutionTest" name="testResolution" time="0.000">
    <skipped/>
  </testcase> <!-- testResolution -->
  <testcase classname="IntershipDEALSDRAY.ResolutionTest" name="testResolution" time="0.000">
    <skipped/>
  </testcase> <!-- testResolution -->
  <testcase classname="IntershipDEALSDRAY.ResolutionTest" name="testResolution" time="0.000">
    <skipped/>
  </testcase> <!-- testResolution -->
  <testcase classname="IntershipDEALSDRAY.ResolutionTest" name="testResolution" time="0.000">
    <skipped/>
  </testcase> <!-- testResolution -->
  <testcase classname="IntershipDEALSDRAY.ResolutionTest" name="testResolution" time="0.000">
    <skipped/>
  </testcase> <!-- testResolution -->
  <testcase classname="IntershipDEALSDRAY.ResolutionTest" name="testResolution" time="0.000">
    <skipped/>
  </testcase> <!-- testResolution -->
  <testcase classname="IntershipDEALSDRAY.ResolutionTest" name="testResolution" time="0.000">
    <skipped/>
  </testcase> <!-- testResolution -->
  <testcase classname="IntershipDEALSDRAY.ResolutionTest" name="testResolution" time="0.000">
    <skipped/>
  </testcase> <!-- testResolution -->
  <testcase classname="IntershipDEALSDRAY.ResolutionTest" name="testResolution" time="0.000">
    <skipped/>
  </testcase> <!-- testResolution -->
  <testcase classname="IntershipDEALSDRAY.ResolutionTest" name="testResolution" time="0.000">
    <skipped/>
  </testcase> <!-- testResolution -->
</testsuite> <!-- IntershipDEALSDRAY.ResolutionTest -->
