<?xml version="1.0" encoding="UTF-8"?>
<!-- Generated by org.testng.reporters.JUnitReportReporter -->
<testsuite hostname="Rakeshs-MacBook-Air.local" failures="0" tests="10" name="PageObjectModel.PLoginTest" time="10.761" errors="0" timestamp="2024-08-24T17:06:56 IST" skipped="0">
  <testcase classname="PageObjectModel.PLoginTest" name="Login" time="1.122"/>
  <testcase classname="PageObjectModel.PLoginTest" name="Login" time="1.126"/>
  <testcase classname="PageObjectModel.PLoginTest" name="Login" time="1.082"/>
  <testcase classname="PageObjectModel.PLoginTest" name="Login" time="1.084"/>
  <testcase classname="PageObjectModel.PLoginTest" name="Login" time="0.869"/>
  <testcase classname="PageObjectModel.PLoginTest" name="Login" time="1.116"/>
  <testcase classname="PageObjectModel.PLoginTest" name="Login" time="1.087"/>
  <testcase classname="PageObjectModel.PLoginTest" name="Login" time="1.118"/>
  <testcase classname="PageObjectModel.PLoginTest" name="Login" time="1.045"/>
  <testcase classname="PageObjectModel.PLoginTest" name="Login" time="1.112"/>
</testsuite> <!-- PageObjectModel.PLoginTest -->
