<?xml version="1.0" encoding="UTF-8"?>
<!-- Generated by org.testng.reporters.JUnitReportReporter -->
<testsuite hostname="Rakeshs-MacBook-Air.local" failures="0" tests="1" name="ProjectMini.Test_flipkart" time="1.839" errors="0" timestamp="2024-08-19T01:41:48 IST" skipped="0">
  <testcase classname="ProjectMini.Test_flipkart" name="Search_Product" time="1.839"/>
</testsuite> <!-- ProjectMini.Test_flipkart -->
