<?xml version="1.0" encoding="UTF-8"?>
<!-- Generated by org.testng.reporters.JUnitReportReporter -->
<testsuite hostname="Rakeshs-MacBook-Air.local" failures="0" tests="1" name="InternshipDEALSDRAY.ScreenshotTest" time="2.705" errors="0" timestamp="2024-08-10T20:07:23 IST" skipped="0">
  <testcase classname="InternshipDEALSDRAY.ScreenshotTest" name="takeScreenshotsAtDifferentResolutions" time="2.705"/>
</testsuite> <!-- InternshipDEALSDRAY.ScreenshotTest -->
